<!DOCTYPE html PUBLIC "-//W3C//DTD XHTML 1.1//EN" "http://www.w3.org/TR/xhtml11/DTD/xhtml11.dtd">
<html xmlns="http://www.w3.org/1999/xhtml"><head><title>TestNG Report</title><style type="text/css">table {margin-bottom:10px;border-collapse:collapse;empty-cells:show}th,td {border:1px solid #009;padding:.25em .5em}th {vertical-align:bottom}td {vertical-align:top}table a {font-weight:bold}.stripe td {background-color: #E6EBF9}.num {text-align:right}.passedodd td {background-color: #3F3}.passedeven td {background-color: #0A0}.skippedodd td {background-color: #DDD}.skippedeven td {background-color: #CCC}.failedodd td,.attn {background-color: #F33}.failedeven td,.stripe .attn {background-color: #D00}.stacktrace {white-space:pre;font-family:monospace}.totop {font-size:85%;text-align:center;border-bottom:2px solid #000}</style></head><body><table><tr><th>Test</th><th># Passed</th><th># Skipped</th><th># Failed</th><th>Time (ms)</th><th>Included Groups</th><th>Excluded Groups</th></tr><tr><th colspan="7">BDD Test Suite</th></tr><tr><td><a href="#t0">WalletHub Test</a></td><td class="num">0</td><td class="num">0</td><td class="num attn">2</td><td class="num">29,166</td><td></td><td></td></tr></table><table><thead><tr><th>Class</th><th>Method</th><th>Start</th><th>Time (ms)</th></tr></thead><tbody><tr><th colspan="4">BDD Test Suite</th></tr></tbody><tbody id="t0"><tr><th colspan="4">WalletHub Test &#8212; failed</th></tr><tr class="failedeven"><td rowspan="2">runner.AllRunner</td><td><a href="#m0">runScenario</a></td><td rowspan="2">1624342457301</td><td rowspan="2">3773</td></tr><tr class="failedeven"><td><a href="#m1">runScenario</a></td></tr></tbody></table><h2>WalletHub Test</h2><h3 id="m0">runner.AllRunner#runScenario</h3><table class="result"><tr class="param"><th>Parameter #1</th><th>Parameter #2</th></tr><tr class="param stripe"><td>&quot;Test Login&quot;</td><td>&quot;Assignment1&quot;</td></tr><tr><th colspan="2">Messages</th></tr><tr><td colspan="2"><div class="messages">&lt;div &quot;result&quot;&gt;Open Url &amp;quot;https:&amp;#x2F;&amp;#x2F;www.facebook.com&amp;#x2F;&amp;quot; (PASSED : 3s)&lt;/div&gt;<br/>&lt;div &quot;result&quot;&gt;verify that facebook homepage is opened (PASSED : 0s)&lt;/div&gt;<br/>&lt;div &quot;result&quot;&gt;user enter username as &amp;quot;pnishant036@yahoo.com&amp;quot; and password as &amp;quot;Test@0036&amp;quot; (FAILED : 0s)&lt;/div&gt;<br/>&lt;div &quot;result&quot;&gt;user click on facebook login button (SKIPPED)&lt;/div&gt;<br/>&lt;div &quot;result&quot;&gt;Open Url &amp;quot;https:&amp;#x2F;&amp;#x2F;www.facebook.com&amp;#x2F;&amp;quot; (SKIPPED)&lt;/div&gt;<br/>&lt;div &quot;result&quot;&gt;user do post as &amp;quot;Hello world&amp;quot; (SKIPPED)&lt;/div&gt;</div></td></tr><tr><th colspan="2">Exception</th></tr><tr><td colspan="2"><div class="stacktrace">org.openqa.selenium.NoSuchElementException: no such element: Unable to locate element: {&quot;method&quot;:&quot;css selector&quot;,&quot;selector&quot;:&quot;#email&quot;}
  (Session info: chrome=91.0.4472.106)
For documentation on this error, please visit: http://seleniumhq.org/exceptions/no_such_element.html
Build info: version: &apos;3.13.0&apos;, revision: &apos;2f0d292&apos;, time: &apos;2018-06-25T15:24:21.231Z&apos;
System info: host: &apos;L1123.local&apos;, ip: &apos;fe80:0:0:0:1496:b607:27f6:e93b%en0&apos;, os.name: &apos;Mac OS X&apos;, os.arch: &apos;x86_64&apos;, os.version: &apos;10.15.7&apos;, java.version: &apos;1.8.0_275&apos;
Driver info: org.openqa.selenium.chrome.ChromeDriver
Capabilities {acceptInsecureCerts: false, browserName: chrome, browserVersion: 91.0.4472.106, chrome: {chromedriverVersion: 91.0.4472.101 (af52a90bf870..., userDataDir: /var/folders/cq/kq1r5w9s3l1...}, goog:chromeOptions: {debuggerAddress: localhost:60365}, javascriptEnabled: true, networkConnectionEnabled: false, pageLoadStrategy: normal, platform: MAC, platformName: MAC, proxy: Proxy(), setWindowRect: true, strictFileInteractability: false, timeouts: {implicit: 0, pageLoad: 300000, script: 30000}, unhandledPromptBehavior: dismiss and notify, webauthn:extension:largeBlob: true, webauthn:virtualAuthenticators: true}
Session ID: 59d249c43fe8eaccaa507157a5956092
*** Element info: {Using=id, value=email}
	at org.openqa.selenium.remote.http.W3CHttpResponseCodec.createException(W3CHttpResponseCodec.java:187)
	at org.openqa.selenium.remote.http.W3CHttpResponseCodec.decode(W3CHttpResponseCodec.java:122)
	at org.openqa.selenium.remote.http.W3CHttpResponseCodec.decode(W3CHttpResponseCodec.java:49)
	at org.openqa.selenium.remote.HttpCommandExecutor.execute(HttpCommandExecutor.java:158)
	at org.openqa.selenium.remote.service.DriverCommandExecutor.execute(DriverCommandExecutor.java:83)
	at org.openqa.selenium.remote.RemoteWebDriver.execute(RemoteWebDriver.java:548)
	at org.openqa.selenium.remote.RemoteWebDriver.findElement(RemoteWebDriver.java:322)
	at org.openqa.selenium.remote.RemoteWebDriver.findElementById(RemoteWebDriver.java:368)
	at org.openqa.selenium.By$ById.findElement(By.java:188)
	at org.openqa.selenium.remote.RemoteWebDriver.findElement(RemoteWebDriver.java:314)
	at org.openqa.selenium.support.pagefactory.DefaultElementLocator.findElement(DefaultElementLocator.java:69)
	at org.openqa.selenium.support.pagefactory.internal.LocatingElementHandler.invoke(LocatingElementHandler.java:38)
	at com.sun.proxy.$Proxy16.sendKeys(Unknown Source)
	at com.walletHub.Pages.Assignment1.HomePage.enterUsername(HomePage.java:28)
	at stepFiles.Assignment1.HomePageSteps.userEnterUsernameAsAndPasswordAs(HomePageSteps.java:21)
	at ?.user enter username as &quot;pnishant036@yahoo.com&quot; and password as &quot;Test@0036&quot;(src/test/java/FeatureFiles/Assignment1.feature:9)
... Removed 4 stack frames</div></td></tr></table><p class="totop"><a href="#summary">back to summary</a></p><h3 id="m1">runner.AllRunner#runScenario</h3><table class="result"><tr class="param"><th>Parameter #1</th><th>Parameter #2</th></tr><tr class="param stripe"><td>&quot;Test Login&quot;</td><td>&quot;Assignment2&quot;</td></tr><tr><th colspan="2">Messages</th></tr><tr><td colspan="2"><div class="messages">&lt;div &quot;result&quot;&gt;Open Url &amp;quot;https:&amp;#x2F;&amp;#x2F;wallethub.com&amp;#x2F;profile&amp;#x2F;test-insurance-company-13732055i&amp;quot; (PASSED : 12s)&lt;/div&gt;<br/>&lt;div &quot;result&quot;&gt;verify that homepage is opened (PASSED : 0s)&lt;/div&gt;<br/>&lt;div &quot;result&quot;&gt;user click on login button (PASSED : 4s)&lt;/div&gt;<br/>&lt;div &quot;result&quot;&gt;verify that login page open (PASSED : 0s)&lt;/div&gt;<br/>&lt;div &quot;result&quot;&gt;user enter username as &amp;quot;pnishant036@yahoo.com&amp;quot; and &amp;quot;Test@0036&amp;quot; (PASSED : 5s)&lt;/div&gt;<br/>&lt;div &quot;result&quot;&gt;Open Url &amp;quot;https:&amp;#x2F;&amp;#x2F;wallethub.com&amp;#x2F;profile&amp;#x2F;test-insurance-company-13732055i&amp;quot; (PASSED : 1s)&lt;/div&gt;<br/>&lt;div &quot;result&quot;&gt;user hover on &amp;lt;4&amp;gt; star (FAILED : 0s)&lt;/div&gt;<br/>&lt;div &quot;result&quot;&gt;verify that first &amp;lt;4&amp;gt; stars inside get lit up when you hover over on &amp;lt;4&amp;gt; one star (SKIPPED)&lt;/div&gt;<br/>&lt;div &quot;result&quot;&gt;user give &amp;lt;4&amp;gt; star review (SKIPPED)&lt;/div&gt;<br/>&lt;div &quot;result&quot;&gt;verify that &amp;lt;4&amp;gt; star review displayed on write review form (SKIPPED)&lt;/div&gt;<br/>&lt;div &quot;result&quot;&gt;user select health insurance from drop down &amp;quot;Health Insurance&amp;quot; on review form (SKIPPED)&lt;/div&gt;<br/>&lt;div &quot;result&quot;&gt;user write review as &amp;quot;This is just a testing review I submitted to test the automation developed by me so please kindly ignore it, Also application is really awesome&amp;quot; (SKIPPED)&lt;/div&gt;<br/>&lt;div &quot;result&quot;&gt;user submit review form (SKIPPED)&lt;/div&gt;<br/>&lt;div &quot;result&quot;&gt;Open Url &amp;quot;https:&amp;#x2F;&amp;#x2F;wallethub.com&amp;#x2F;profile&amp;quot; (SKIPPED)&lt;/div&gt;<br/>&lt;div &quot;result&quot;&gt;Verify reviewed star count as &amp;lt;4&amp;gt; (SKIPPED)&lt;/div&gt;<br/>&lt;div &quot;result&quot;&gt;Verify selected dropdownValue as &amp;quot;Health Insurance&amp;quot; (SKIPPED)&lt;/div&gt;</div></td></tr><tr><th colspan="2">Exception</th></tr><tr><td colspan="2"><div class="stacktrace">java.lang.IndexOutOfBoundsException: Index: 3, Size: 0
	at java.util.ArrayList.rangeCheck(ArrayList.java:659)
	at java.util.ArrayList.get(ArrayList.java:435)
	at org.openqa.selenium.support.pagefactory.internal.LocatingElementListHandler.invoke(LocatingElementListHandler.java:39)
	at com.sun.proxy.$Proxy18.get(Unknown Source)
	at com.walletHub.Pages.Assignment2.DashboardPage.hoverOnStar(DashboardPage.java:55)
	at stepFiles.Assignment2.DashboardSteps.userHoverOnStar(DashboardSteps.java:32)
	at ?.user hover on &lt;4&gt; star(src/test/java/FeatureFiles/Assignment2.feature:13)
... Removed 4 stack frames</div></td></tr></table><p class="totop"><a href="#summary">back to summary</a></p></body></html>