<html>
<head>
<title>TestNG:  WalletHub Test</title>
<link href="../testng.css" rel="stylesheet" type="text/css" />
<link href="../my-testng.css" rel="stylesheet" type="text/css" />

<style type="text/css">
.log { display: none;} 
.stack-trace { display: none;} 
</style>
<script type="text/javascript">
<!--
function flip(e) {
  current = e.style.display;
  if (current == 'block') {
    e.style.display = 'none';
    return 0;
  }
  else {
    e.style.display = 'block';
    return 1;
  }
}

function toggleBox(szDivId, elem, msg1, msg2)
{
  var res = -1;  if (document.getElementById) {
    res = flip(document.getElementById(szDivId));
  }
  else if (document.all) {
    // this is the way old msie versions work
    res = flip(document.all[szDivId]);
  }
  if(elem) {
    if(res == 0) elem.innerHTML = msg1; else elem.innerHTML = msg2;
  }

}

function toggleAllBoxes() {
  if (document.getElementsByTagName) {
    d = document.getElementsByTagName('div');
    for (i = 0; i < d.length; i++) {
      if (d[i].className == 'log') {
        flip(d[i]);
      }
    }
  }
}

// -->
</script>

</head>
<body>
<h2 align='center'>WalletHub Test</h2><table border='1' align="center">
<tr>
<td>Tests passed/Failed/Skipped:</td><td>0/2/0</td>
</tr><tr>
<td>Started on:</td><td>Tue Jun 22 11:44:17 IST 2021</td>
</tr>
<tr><td>Total time:</td><td>29 seconds (29166 ms)</td>
</tr><tr>
<td>Included groups:</td><td></td>
</tr><tr>
<td>Excluded groups:</td><td></td>
</tr>
</table><p/>
<small><i>(Hover the method name to see the test class name)</i></small><p/>
<table width='100%' border='1' class='invocation-failed'>
<tr><td colspan='4' align='center'><b>FAILED TESTS</b></td></tr>
<tr><td><b>Test method</b></td>
<td width="30%"><b>Exception</b></td>
<td width="10%"><b>Time (seconds)</b></td>
<td><b>Instance</b></td>
</tr>
<tr>
<td title='runner.AllRunner.runScenario()'><b>runScenario</b><br>Test class: runner.AllRunner<br>Test method: Runs Cucumber Scenarios<br>Parameters: "Test Login", "Assignment1"<br/>
<a href="#Output-2064956915" onClick='toggleBox("Output-2064956915", this, "Show output", "Hide output");'>Show output</a>

<a href="#Output-2064956915" onClick="toggleAllBoxes();">Show all outputs</a>
<div class='log' id="Output-2064956915">
<div "result">Open Url &quot;https:&#x2F;&#x2F;www.facebook.com&#x2F;&quot; (PASSED : 3s)</div><br/>
<div "result">verify that facebook homepage is opened (PASSED : 0s)</div><br/>
<div "result">user enter username as &quot;pnishant036@yahoo.com&quot; and password as &quot;Test@0036&quot; (FAILED : 0s)</div><br/>
<div "result">user click on facebook login button (SKIPPED)</div><br/>
<div "result">Open Url &quot;https:&#x2F;&#x2F;www.facebook.com&#x2F;&quot; (SKIPPED)</div><br/>
<div "result">user do post as &quot;Hello world&quot; (SKIPPED)</div><br/>
</div>
</td>
<td><div><pre>org.openqa.selenium.NoSuchElementException: no such element: Unable to locate element: {&quot;method&quot;:&quot;css selector&quot;,&quot;selector&quot;:&quot;#email&quot;}
  (Session info: chrome=91.0.4472.106)
For documentation on this error, please visit: http://seleniumhq.org/exceptions/no_such_element.html
Build info: version: &apos;3.13.0&apos;, revision: &apos;2f0d292&apos;, time: &apos;2018-06-25T15:24:21.231Z&apos;
System info: host: &apos;L1123.local&apos;, ip: &apos;fe80:0:0:0:1496:b607:27f6:e93b%en0&apos;, os.name: &apos;Mac OS X&apos;, os.arch: &apos;x86_64&apos;, os.version: &apos;10.15.7&apos;, java.version: &apos;1.8.0_275&apos;
Driver info: org.openqa.selenium.chrome.ChromeDriver
Capabilities {acceptInsecureCerts: false, browserName: chrome, browserVersion: 91.0.4472.106, chrome: {chromedriverVersion: 91.0.4472.101 (af52a90bf870..., userDataDir: /var/folders/cq/kq1r5w9s3l1...}, goog:chromeOptions: {debuggerAddress: localhost:60365}, javascriptEnabled: true, networkConnectionEnabled: false, pageLoadStrategy: normal, platform: MAC, platformName: MAC, proxy: Proxy(), setWindowRect: true, strictFileInteractability: false, timeouts: {implicit: 0, pageLoad: 300000, script: 30000}, unhandledPromptBehavior: dismiss and notify, webauthn:extension:largeBlob: true, webauthn:virtualAuthenticators: true}
Session ID: 59d249c43fe8eaccaa507157a5956092
*** Element info: {Using=id, value=email}
	at org.openqa.selenium.remote.http.W3CHttpResponseCodec.createException(W3CHttpResponseCodec.java:187)
	at org.openqa.selenium.remote.http.W3CHttpResponseCodec.decode(W3CHttpResponseCodec.java:122)
	at org.openqa.selenium.remote.http.W3CHttpResponseCodec.decode(W3CHttpResponseCodec.java:49)
	at org.openqa.selenium.remote.HttpCommandExecutor.execute(HttpCommandExecutor.java:158)
	at org.openqa.selenium.remote.service.DriverCommandExecutor.execute(DriverCommandExecutor.java:83)
	at org.openqa.selenium.remote.RemoteWebDriver.execute(RemoteWebDriver.java:548)
	at org.openqa.selenium.remote.RemoteWebDriver.findElement(RemoteWebDriver.java:322)
	at org.openqa.selenium.remote.RemoteWebDriver.findElementById(RemoteWebDriver.java:368)
	at org.openqa.selenium.By$ById.findElement(By.java:188)
	at org.openqa.selenium.remote.RemoteWebDriver.findElement(RemoteWebDriver.java:314)
	at org.openqa.selenium.support.pagefactory.DefaultElementLocator.findElement(DefaultElementLocator.java:69)
	at org.openqa.selenium.support.pagefactory.internal.LocatingElementHandler.invoke(LocatingElementHandler.java:38)
	at com.sun.proxy.$Proxy16.sendKeys(Unknown Source)
	at com.walletHub.Pages.Assignment1.HomePage.enterUsername(HomePage.java:28)
	at stepFiles.Assignment1.HomePageSteps.userEnterUsernameAsAndPasswordAs(HomePageSteps.java:21)
	at ?.user enter username as &quot;pnishant036@yahoo.com&quot; and password as &quot;Test@0036&quot;(src/test/java/FeatureFiles/Assignment1.feature:9)
... Removed 4 stack frames</pre></div><a href='#' onClick='toggleBox("stack-trace2064956915", this, "Click to show all stack frames", "Click to hide stack frames")'>Click to show all stack frames</a>
<div class='stack-trace' id='stack-trace2064956915'><pre>org.openqa.selenium.NoSuchElementException: no such element: Unable to locate element: {&quot;method&quot;:&quot;css selector&quot;,&quot;selector&quot;:&quot;#email&quot;}
  (Session info: chrome=91.0.4472.106)
For documentation on this error, please visit: http://seleniumhq.org/exceptions/no_such_element.html
Build info: version: &apos;3.13.0&apos;, revision: &apos;2f0d292&apos;, time: &apos;2018-06-25T15:24:21.231Z&apos;
System info: host: &apos;L1123.local&apos;, ip: &apos;fe80:0:0:0:1496:b607:27f6:e93b%en0&apos;, os.name: &apos;Mac OS X&apos;, os.arch: &apos;x86_64&apos;, os.version: &apos;10.15.7&apos;, java.version: &apos;1.8.0_275&apos;
Driver info: org.openqa.selenium.chrome.ChromeDriver
Capabilities {acceptInsecureCerts: false, browserName: chrome, browserVersion: 91.0.4472.106, chrome: {chromedriverVersion: 91.0.4472.101 (af52a90bf870..., userDataDir: /var/folders/cq/kq1r5w9s3l1...}, goog:chromeOptions: {debuggerAddress: localhost:60365}, javascriptEnabled: true, networkConnectionEnabled: false, pageLoadStrategy: normal, platform: MAC, platformName: MAC, proxy: Proxy(), setWindowRect: true, strictFileInteractability: false, timeouts: {implicit: 0, pageLoad: 300000, script: 30000}, unhandledPromptBehavior: dismiss and notify, webauthn:extension:largeBlob: true, webauthn:virtualAuthenticators: true}
Session ID: 59d249c43fe8eaccaa507157a5956092
*** Element info: {Using=id, value=email}
	at sun.reflect.NativeConstructorAccessorImpl.newInstance0(Native Method)
	at sun.reflect.NativeConstructorAccessorImpl.newInstance(NativeConstructorAccessorImpl.java:62)
	at sun.reflect.DelegatingConstructorAccessorImpl.newInstance(DelegatingConstructorAccessorImpl.java:45)
	at java.lang.reflect.Constructor.newInstance(Constructor.java:423)
	at org.openqa.selenium.remote.http.W3CHttpResponseCodec.createException(W3CHttpResponseCodec.java:187)
	at org.openqa.selenium.remote.http.W3CHttpResponseCodec.decode(W3CHttpResponseCodec.java:122)
	at org.openqa.selenium.remote.http.W3CHttpResponseCodec.decode(W3CHttpResponseCodec.java:49)
	at org.openqa.selenium.remote.HttpCommandExecutor.execute(HttpCommandExecutor.java:158)
	at org.openqa.selenium.remote.service.DriverCommandExecutor.execute(DriverCommandExecutor.java:83)
	at org.openqa.selenium.remote.RemoteWebDriver.execute(RemoteWebDriver.java:548)
	at org.openqa.selenium.remote.RemoteWebDriver.findElement(RemoteWebDriver.java:322)
	at org.openqa.selenium.remote.RemoteWebDriver.findElementById(RemoteWebDriver.java:368)
	at org.openqa.selenium.By$ById.findElement(By.java:188)
	at org.openqa.selenium.remote.RemoteWebDriver.findElement(RemoteWebDriver.java:314)
	at org.openqa.selenium.support.pagefactory.DefaultElementLocator.findElement(DefaultElementLocator.java:69)
	at org.openqa.selenium.support.pagefactory.internal.LocatingElementHandler.invoke(LocatingElementHandler.java:38)
	at com.sun.proxy.$Proxy16.sendKeys(Unknown Source)
	at com.walletHub.Pages.Assignment1.HomePage.enterUsername(HomePage.java:28)
	at stepFiles.Assignment1.HomePageSteps.userEnterUsernameAsAndPasswordAs(HomePageSteps.java:21)
	at ?.user enter username as &quot;pnishant036@yahoo.com&quot; and password as &quot;Test@0036&quot;(src/test/java/FeatureFiles/Assignment1.feature:9)
</pre></div></td>
<td>3</td>
<td>runner.AllRunner@548a9f61</td></tr>
<tr>
<td title='runner.AllRunner.runScenario()'><b>runScenario</b><br>Test class: runner.AllRunner<br>Test method: Runs Cucumber Scenarios<br>Parameters: "Test Login", "Assignment2"<br/>
<a href="#Output-2078772363" onClick='toggleBox("Output-2078772363", this, "Show output", "Hide output");'>Show output</a>

<a href="#Output-2078772363" onClick="toggleAllBoxes();">Show all outputs</a>
<div class='log' id="Output-2078772363">
<div "result">Open Url &quot;https:&#x2F;&#x2F;wallethub.com&#x2F;profile&#x2F;test-insurance-company-13732055i&quot; (PASSED : 12s)</div><br/>
<div "result">verify that homepage is opened (PASSED : 0s)</div><br/>
<div "result">user click on login button (PASSED : 4s)</div><br/>
<div "result">verify that login page open (PASSED : 0s)</div><br/>
<div "result">user enter username as &quot;pnishant036@yahoo.com&quot; and &quot;Test@0036&quot; (PASSED : 5s)</div><br/>
<div "result">Open Url &quot;https:&#x2F;&#x2F;wallethub.com&#x2F;profile&#x2F;test-insurance-company-13732055i&quot; (PASSED : 1s)</div><br/>
<div "result">user hover on &lt;4&gt; star (FAILED : 0s)</div><br/>
<div "result">verify that first &lt;4&gt; stars inside get lit up when you hover over on &lt;4&gt; one star (SKIPPED)</div><br/>
<div "result">user give &lt;4&gt; star review (SKIPPED)</div><br/>
<div "result">verify that &lt;4&gt; star review displayed on write review form (SKIPPED)</div><br/>
<div "result">user select health insurance from drop down &quot;Health Insurance&quot; on review form (SKIPPED)</div><br/>
<div "result">user write review as &quot;This is just a testing review I submitted to test the automation developed by me so please kindly ignore it, Also application is really awesome&quot; (SKIPPED)</div><br/>
<div "result">user submit review form (SKIPPED)</div><br/>
<div "result">Open Url &quot;https:&#x2F;&#x2F;wallethub.com&#x2F;profile&quot; (SKIPPED)</div><br/>
<div "result">Verify reviewed star count as &lt;4&gt; (SKIPPED)</div><br/>
<div "result">Verify selected dropdownValue as &quot;Health Insurance&quot; (SKIPPED)</div><br/>
</div>
</td>
<td><div><pre>java.lang.IndexOutOfBoundsException: Index: 3, Size: 0
	at java.util.ArrayList.rangeCheck(ArrayList.java:659)
	at java.util.ArrayList.get(ArrayList.java:435)
	at org.openqa.selenium.support.pagefactory.internal.LocatingElementListHandler.invoke(LocatingElementListHandler.java:39)
	at com.sun.proxy.$Proxy18.get(Unknown Source)
	at com.walletHub.Pages.Assignment2.DashboardPage.hoverOnStar(DashboardPage.java:55)
	at stepFiles.Assignment2.DashboardSteps.userHoverOnStar(DashboardSteps.java:32)
	at ?.user hover on &lt;4&gt; star(src/test/java/FeatureFiles/Assignment2.feature:13)
... Removed 4 stack frames</pre></div><a href='#' onClick='toggleBox("stack-trace2078772363", this, "Click to show all stack frames", "Click to hide stack frames")'>Click to show all stack frames</a>
<div class='stack-trace' id='stack-trace2078772363'><pre>java.lang.IndexOutOfBoundsException: Index: 3, Size: 0
	at java.util.ArrayList.rangeCheck(ArrayList.java:659)
	at java.util.ArrayList.get(ArrayList.java:435)
	at sun.reflect.NativeMethodAccessorImpl.invoke0(Native Method)
	at sun.reflect.NativeMethodAccessorImpl.invoke(NativeMethodAccessorImpl.java:62)
	at sun.reflect.DelegatingMethodAccessorImpl.invoke(DelegatingMethodAccessorImpl.java:43)
	at java.lang.reflect.Method.invoke(Method.java:498)
	at org.openqa.selenium.support.pagefactory.internal.LocatingElementListHandler.invoke(LocatingElementListHandler.java:39)
	at com.sun.proxy.$Proxy18.get(Unknown Source)
	at com.walletHub.Pages.Assignment2.DashboardPage.hoverOnStar(DashboardPage.java:55)
	at stepFiles.Assignment2.DashboardSteps.userHoverOnStar(DashboardSteps.java:32)
	at ?.user hover on &lt;4&gt; star(src/test/java/FeatureFiles/Assignment2.feature:13)
</pre></div></td>
<td>23</td>
<td>runner.AllRunner@548a9f61</td></tr>
</table><p>
</body>
</html>